C51 COMPILER V9.57.0.0   DELAY                                                             04/15/2019 09:33:41 PAGE 1   


C51 COMPILER V9.57.0.0, COMPILATION OF MODULE DELAY
OBJECT MODULE PLACED IN .\Objects\delay.obj
COMPILER INVOKED BY: E:\mdk\C51\BIN\C51.EXE delay\delay.c OPTIMIZE(8,SPEED) BROWSE INCDIR(.\delay;.\funtion) DEBUG OBJEC
                    -TEXTEND PRINT(.\Listings\delay.lst) OBJECT(.\Objects\delay.obj)

line level    source

   1          #include "delay.h"
   2          
   3          //定义延时函数
   4          void mdelay(unsigned int t)
   5          {
   6   1      
   7   1          unsigned char n;
   8   1          for(; t>0; t--)
   9   1              for(n=0; n<125; n++)
  10   1      
  11   1              {;}
  12   1      }


MODULE INFORMATION:   STATIC OVERLAYABLE
   CODE SIZE        =     23    ----
   CONSTANT SIZE    =   ----    ----
   XDATA SIZE       =   ----    ----
   PDATA SIZE       =   ----    ----
   DATA SIZE        =   ----    ----
   IDATA SIZE       =   ----    ----
   BIT SIZE         =   ----    ----
END OF MODULE INFORMATION.


C51 COMPILATION COMPLETE.  0 WARNING(S),  0 ERROR(S)
